\BOOKMARK [1][-]{section.1}{\376\377\000S\000e\000t\000u\000p}{}% 1
\BOOKMARK [2][-]{subsection.1.1}{\376\377\000C\000P\000\137\000U\000b\000u\000n\000t\000u}{section.1}% 2
\BOOKMARK [2][-]{subsection.1.2}{\376\377\000C\000P\000\137\000W\000i\000n\000d\000o\000w\000s}{section.1}% 3
\BOOKMARK [2][-]{subsection.1.3}{\376\377\000S\000t\000r\000e\000s\000s\000\040\000T\000e\000s\000t\000i\000n\000g\000\050\000c\000h\000e\000c\000k\000.\000s\000h\000\051}{section.1}% 4
\BOOKMARK [2][-]{subsection.1.4}{\376\377\000S\000t\000r\000e\000s\000s\000\040\000T\000e\000s\000t\000i\000n\000g\000\050\000g\000e\000n\000.\000c\000p\000p\000\051}{section.1}% 5
\BOOKMARK [1][-]{section.2}{\376\377\000D\000a\000t\000a\000\040\000S\000t\000r\000u\000c\000t\000u\000r\000e\000s}{}% 6
\BOOKMARK [2][-]{subsection.2.1}{\376\377\000F\000a\000s\000t\000\040\000U\000n\000o\000r\000d\000e\000r\000e\000d\000\040\000M\000a\000p}{section.2}% 7
\BOOKMARK [2][-]{subsection.2.2}{\376\377\000M\000e\000x\000\040\000o\000f\000\040\000A\000l\000l\000\040\000S\000u\000b\000a\000r\000r\000a\000y}{section.2}% 8
\BOOKMARK [2][-]{subsection.2.3}{\376\377\000P\000b\000d\000s}{section.2}% 9
\BOOKMARK [2][-]{subsection.2.4}{\376\377\000S\000e\000g\000m\000e\000n\000t\000\040\000T\000r\000e\000e\000\050\000B\000S\000U\000A\000\051}{section.2}% 10
\BOOKMARK [2][-]{subsection.2.5}{\376\377\000S\000e\000g\000m\000e\000n\000t\000\040\000T\000r\000e\000e\000\050\000L\000z\000P\000\051}{section.2}% 11
\BOOKMARK [2][-]{subsection.2.6}{\376\377\000S\000e\000g\000m\000e\000n\000t\000\040\000T\000r\000e\000e}{section.2}% 12
\BOOKMARK [2][-]{subsection.2.7}{\376\377\000S\000p\000a\000r\000s\000e\000\040\000T\000a\000b\000l\000e}{section.2}% 13
\BOOKMARK [1][-]{section.3}{\376\377\000D\000y\000n\000a\000m\000i\000c\000\040\000P\000r\000o\000g\000r\000a\000m\000m\000i\000n\000g}{}% 14
\BOOKMARK [2][-]{subsection.3.1}{\376\377\000C\000o\000i\000n\000C\000h\000a\000n\000g\000e\000\050\000M\000i\000n\000C\000o\000i\000n\000s\000\051}{section.3}% 15
\BOOKMARK [2][-]{subsection.3.2}{\376\377\000C\000o\000i\000n\000C\000h\000a\000n\000g\000e\000\050\000N\000u\000m\000b\000e\000r\000O\000f\000W\000a\000y\000s\000\051}{section.3}% 16
\BOOKMARK [2][-]{subsection.3.3}{\376\377\000C\000o\000u\000n\000t\000S\000u\000b\000s\000e\000t\000W\000i\000t\000h\000S\000u\000m\000K}{section.3}% 17
\BOOKMARK [2][-]{subsection.3.4}{\376\377\000D\000i\000g\000i\000t\000\040\000D\000P}{section.3}% 18
\BOOKMARK [2][-]{subsection.3.5}{\376\377\000E\000d\000i\000t\000D\000i\000s\000t\000a\000n\000c\000e}{section.3}% 19
\BOOKMARK [2][-]{subsection.3.6}{\376\377\000L\000I\000S}{section.3}% 20
\BOOKMARK [2][-]{subsection.3.7}{\376\377\000M\000a\000x\000i\000m\000u\000m\000\040\000S\000u\000b\000a\000r\000r\000a\000y\000\040\000S\000u\000m\000\050\000K\000a\000d\000a\000n\000e\000s\000\051}{section.3}% 21
\BOOKMARK [1][-]{section.4}{\376\377\000G\000r\000a\000p\000h}{}% 22
\BOOKMARK [2][-]{subsection.4.1}{\376\377\000A\000r\000t\000i\000c\000u\000l\000a\000t\000i\000o\000n\000\040\000P\000o\000i\000n\000t}{section.4}% 23
\BOOKMARK [2][-]{subsection.4.2}{\376\377\000B\000F\000S}{section.4}% 24
\BOOKMARK [2][-]{subsection.4.3}{\376\377\000B\000e\000l\000l\000m\000a\000n\000\040\000F\000o\000r\000d}{section.4}% 25
\BOOKMARK [2][-]{subsection.4.4}{\376\377\000B\000r\000i\000d\000g\000e\000\040\000F\000i\000n\000d\000i\000n\000g\000\040\000D\000F\000S}{section.4}% 26
\BOOKMARK [2][-]{subsection.4.5}{\376\377\000C\000y\000c\000l\000e\000\040\000D\000e\000t\000e\000c\000t\000i\000o\000n\000\040\000i\000n\000\040\000D\000A\000G}{section.4}% 27
\BOOKMARK [2][-]{subsection.4.6}{\376\377\000D\000S\000U}{section.4}% 28
\BOOKMARK [2][-]{subsection.4.7}{\376\377\000D\000i\000j\000k\000a\000s\000t\000r\000a}{section.4}% 29
\BOOKMARK [2][-]{subsection.4.8}{\376\377\000E\000u\000l\000e\000r\000\040\000T\000o\000u\000r}{section.4}% 30
\BOOKMARK [2][-]{subsection.4.9}{\376\377\000F\000l\000o\000y\000d\000\040\000W\000a\000r\000s\000h\000a\000l\000l}{section.4}% 31
\BOOKMARK [2][-]{subsection.4.10}{\376\377\000M\000S\000T}{section.4}% 32
\BOOKMARK [2][-]{subsection.4.11}{\376\377\000M\000a\000x\000\040\000B\000i\000p\000a\000r\000t\000i\000t\000e\000\040\000M\000a\000t\000c\000h\000i\000n\000g\000[\000H\000o\000p\000c\000r\000o\000f\000t\000\040\000K\000a\000r\000p\000]}{section.4}% 33
\BOOKMARK [2][-]{subsection.4.12}{\376\377\000M\000a\000x\000\040\000B\000i\000p\000a\000r\000t\000i\000t\000e\000\040\000M\000a\000t\000c\000h\000i\000n\000g\000[\000K\000u\000h\000n\000'\000s\000]}{section.4}% 34
\BOOKMARK [2][-]{subsection.4.13}{\376\377\000M\000a\000x\000\040\000F\000l\000o\000w}{section.4}% 35
\BOOKMARK [2][-]{subsection.4.14}{\376\377\000T\000a\000r\000j\000a\000n\000'\000s\000\040\000A\000l\000g\000o\000r\000i\000t\000h\000m}{section.4}% 36
\BOOKMARK [2][-]{subsection.4.15}{\376\377\000T\000o\000p\000o\000l\000o\000g\000i\000c\000a\000l\000\040\000S\000o\000r\000t\000i\000n\000g}{section.4}% 37
\BOOKMARK [2][-]{subsection.4.16}{\376\377\000W\000e\000i\000g\000h\000t\000e\000d\000\040\000U\000n\000i\000o\000n\000\040\000F\000i\000n\000d}{section.4}% 38
\BOOKMARK [1][-]{section.5}{\376\377\000M\000a\000t\000h}{}% 39
\BOOKMARK [2][-]{subsection.5.1}{\376\377\000E\000x\000t\000e\000n\000d\000e\000d\000E\000u\000c\000l\000i\000d}{section.5}% 40
\BOOKMARK [2][-]{subsection.5.2}{\376\377\000F\000o\000r\000m\000u\000l\000a}{section.5}% 41
\BOOKMARK [2][-]{subsection.5.3}{\376\377\000M\000a\000t\000r\000i\000x\000\040\000E\000x\000p\000o\000n\000e\000n\000t\000i\000a\000t\000i\000o\000n}{section.5}% 42
\BOOKMARK [2][-]{subsection.5.4}{\376\377\000M\000a\000t\000r\000i\000x\000\040\000R\000o\000t\000a\000t\000i\000o\000n}{section.5}% 43
\BOOKMARK [1][-]{section.6}{\376\377\000M\000i\000s\000c\000e\000l\000l\000a\000n\000e\000o\000u\000s}{}% 44
\BOOKMARK [2][-]{subsection.6.1}{\376\377\000M\000a\000x\000\040\000S\000u\000b\000a\000r\000r\000a\000y\000\040\000S\000i\000z\000e\000\040\000S\000u\000m\000\040\000e\000q\000u\000a\000l\000\040\000K}{section.6}% 45
\BOOKMARK [2][-]{subsection.6.2}{\376\377\000M\000e\000r\000g\000e\000\040\000S\000o\000r\000t}{section.6}% 46
\BOOKMARK [2][-]{subsection.6.3}{\376\377\000N\000u\000m\000b\000e\000r\000\040\000o\000f\000\040\000S\000u\000b\000a\000r\000r\000a\000y\000\040\000S\000u\000m\000\040\000i\000s\000\040\000K}{section.6}% 47
\BOOKMARK [1][-]{section.7}{\376\377\000N\000u\000m\000b\000e\000r\000\040\000T\000h\000e\000o\000r\000y}{}% 48
\BOOKMARK [2][-]{subsection.7.1}{\376\377\000A\000l\000l\000\040\000I\000n\000\040\000O\000n\000e\000\040\000N\000T}{section.7}% 49
\BOOKMARK [2][-]{subsection.7.2}{\376\377\000D\000i\000v\000i\000s\000o\000r\000\040\000S\000i\000e\000v\000e}{section.7}% 50
\BOOKMARK [2][-]{subsection.7.3}{\376\377\000M\000o\000b\000i\000u\000s\000\040\000F\000u\000n\000c\000t\000i\000o\000n}{section.7}% 51
\BOOKMARK [2][-]{subsection.7.4}{\376\377\000N\000u\000m\000b\000e\000r\000\040\000o\000f\000\040\000P\000a\000i\000r\000s\000\040\000w\000i\000t\000h\000\040\000G\000C\000D\000\040\000e\000q\000u\000a\000l\000\040\000g}{section.7}% 52
\BOOKMARK [2][-]{subsection.7.5}{\376\377\000P\000h\000i\000\050\0001\000t\000o\000N\000\051}{section.7}% 53
\BOOKMARK [2][-]{subsection.7.6}{\376\377\000P\000h\000i}{section.7}% 54
\BOOKMARK [2][-]{subsection.7.7}{\376\377\000S\000O\000D\000\040\000N\000O\000D}{section.7}% 55
\BOOKMARK [2][-]{subsection.7.8}{\376\377\000S\000e\000g\000m\000e\000n\000t\000e\000d\000\040\000S\000i\000e\000v\000e}{section.7}% 56
\BOOKMARK [2][-]{subsection.7.9}{\376\377\000S\000i\000e\000v\000e}{section.7}% 57
\BOOKMARK [2][-]{subsection.7.10}{\376\377\000S\000p\000f}{section.7}% 58
\BOOKMARK [2][-]{subsection.7.11}{\376\377\000U\000n\000i\000q\000u\000e\000P\000F\000\040\000o\000f\000\040\000a\000l\000l\000\040\000e\000l\000e\000m\000e\000n\000t\000s\000\040\000t\000i\000l\000l\000\040\000M\000X}{section.7}% 59
\BOOKMARK [2][-]{subsection.7.12}{\376\377\000i\000n\000t\0001\0002\0008}{section.7}% 60
\BOOKMARK [2][-]{subsection.7.13}{\376\377\000n\000C\000r\000\040\000a\000n\000d\000\040\000n\000P\000r}{section.7}% 61
\BOOKMARK [2][-]{subsection.7.14}{\376\377\000n\000C\000r\000\04